  stdafx.cpp
  ConsoleApplication1.cpp
  _FindFirst.cpp
  WSAStartupSingleton.cpp
  VitaIncludes.cpp
  VariadicSQLParser.cpp
  VariableListDeltaTracker.cpp
  VariableDeltaSerializer.cpp
  UDPProxyServer.cpp
  UDPProxyCoordinator.cpp
  UDPProxyClient.cpp
  UDPForwarder.cpp
  TwoWayAuthentication.cpp
  ThreadsafePacketLogger.cpp
  TelnetTransport.cpp
  TeamManager.cpp
  TeamBalancer.cpp
  TCPInterface.cpp
  TableSerializer.cpp
  SuperFastHash.cpp
  StringTable.cpp
  Generating Code...
  Compiling...
  StringCompressor.cpp
  StatisticsHistory.cpp
  SocketLayer.cpp
  SimpleMutex.cpp
  SignaledEvent.cpp
  SendToThread.cpp
  SecureHandshake.cpp
  RPC4Plugin.cpp
  Router2.cpp
  ReplicaManager3.cpp
  ReliabilityLayer.cpp
  RelayPlugin.cpp
  ReadyEvent.cpp
  RandSync.cpp
  Rand.cpp
  RakWString.cpp
  RakThread.cpp
  RakString.cpp
  RakSleep.cpp
  RakPeer.cpp
  Generating Code...
  Compiling...
  RakNetTypes.cpp
  RakNetTransport2.cpp
  RakNetStatistics.cpp
  RakNetSocket2_Windows_Linux_360.cpp
  RakNetSocket2_Windows_Linux.cpp
  RakNetSocket2_WindowsStore8.cpp
  RakNetSocket2_Vita.cpp
  RakNetSocket2_PS4.cpp
  RakNetSocket2_PS3_PS4.cpp
  RakNetSocket2_NativeClient.cpp
  RakNetSocket2_Berkley_NativeClient.cpp
  RakNetSocket2_Berkley.cpp
  RakNetSocket2_360_720.cpp
  RakNetSocket2.cpp
  RakNetSocket.cpp
  RakNetCommandParser.cpp
  RakMemoryOverride.cpp
  Rackspace.cpp
  PS4Includes.cpp
  PluginInterface2.cpp
  Generating Code...
  Compiling...
  PacketOutputWindowLogger.cpp
  PacketLogger.cpp
  PacketizedTCP.cpp
  PacketFileLogger.cpp
  PacketConsoleLogger.cpp
  NetworkIDObject.cpp
  NetworkIDManager.cpp
  NatTypeDetectionServer.cpp
  NatTypeDetectionCommon.cpp
  NatTypeDetectionClient.cpp
  NatPunchthroughServer.cpp
  NatPunchthroughClient.cpp
  MessageFilter.cpp
  LogCommandParser.cpp
  LocklessTypes.cpp
  LinuxStrings.cpp
  Itoa.cpp
  IncrementalReadInterface.cpp
  HTTPConnection2.cpp
  HTTPConnection.cpp
  Generating Code...
  Compiling...
  GridSectorizer.cpp
  gettimeofday.cpp
  GetTime.cpp
  Gets.cpp
  Getche.cpp
  FullyConnectedMesh2.cpp
  FormatString.cpp
  FileOperations.cpp
  FileListTransfer.cpp
  FileList.cpp
  EpochTimeToString.cpp
  EmailSender.cpp
  DynDNS.cpp
  DS_Table.cpp
  DS_HuffmanEncodingTree.cpp
  DS_ByteQueue.cpp
  DS_BytePool.cpp
  DR_SHA1.cpp
  DirectoryDeltaTransfer.cpp
  DataCompressor.cpp
  Generating Code...
  Compiling...
  ConsoleServer.cpp
  ConnectionGraph2.cpp
  CommandParserInterface.cpp
  CloudServer.cpp
  CloudCommon.cpp
  CloudClient.cpp
  CheckSum.cpp
  CCRakNetUDT.cpp
  CCRakNetSlidingWindow.cpp
c:\users\bavoys_j\desktop\raknet-master\source\ccraknetslidingwindow.cpp(221): error C2668: 'abs': ambiguous call to overloaded function
  c:\program files (x86)\windows kits\10\include\10.0.10240.0\ucrt\stdlib.h(359): note: could be '__int64 abs(const __int64) throw()'
  c:\program files (x86)\windows kits\10\include\10.0.10240.0\ucrt\stdlib.h(354): note: or       'long abs(const long) throw()'
  c:\program files (x86)\windows kits\10\include\10.0.10240.0\ucrt\stdlib.h(284): note: or       'int abs(int)'
  c:\users\bavoys_j\desktop\raknet-master\source\ccraknetslidingwindow.cpp(221): note: while trying to match the argument list '(double)'
  BitStream.cpp
  Base64Encoder.cpp
  Generating Code...
